{"meta": {"format": 3, "version": "7.10.7", "timestamp": "2025-10-11T16:01:34.872505", "branch_coverage": false, "show_contexts": false}, "files": {"__init__.py": {"executed_lines": [0], "summary": {"covered_lines": 0, "num_statements": 0, "percent_covered": 100.0, "percent_covered_display": "100", "missing_lines": 0, "excluded_lines": 0}, "missing_lines": [], "excluded_lines": [], "functions": {"": {"executed_lines": [], "summary": {"covered_lines": 0, "num_statements": 0, "percent_covered": 100.0, "percent_covered_display": "100", "missing_lines": 0, "excluded_lines": 0}, "missing_lines": [], "excluded_lines": []}}, "classes": {"": {"executed_lines": [], "summary": {"covered_lines": 0, "num_statements": 0, "percent_covered": 100.0, "percent_covered_display": "100", "missing_lines": 0, "excluded_lines": 0}, "missing_lines": [], "excluded_lines": []}}}, "app.py": {"executed_lines": [2, 4, 5, 6, 7, 8, 9, 10, 12, 13, 14, 16, 18, 19, 20, 21, 22, 24, 25, 26, 27, 28, 29, 30, 32, 33, 34, 36, 37, 40, 43, 54, 57, 58, 59, 60, 61, 62, 64, 65, 66, 67, 70, 71, 75, 76, 77, 78, 81, 82, 84, 85, 86, 87, 88, 90, 92, 93, 94, 104, 105, 107, 108, 109, 110, 111, 112, 113, 114, 115, 117, 118, 131, 132, 134, 135, 136, 137, 138, 139, 141, 143, 144, 155, 156, 157, 158, 159, 160, 163, 165, 168, 169, 170, 171, 175, 176, 178, 179, 181, 184, 192, 193, 194, 200, 201, 202, 203, 204, 205, 208, 209, 210, 211, 214, 215, 216, 217, 220, 221, 222, 223, 224, 225, 232, 233, 236, 237, 238, 241, 249, 251, 252, 253, 254, 255, 256, 257, 259, 260, 263, 264, 265, 267, 268, 269, 270, 271, 272, 274, 275, 283, 285, 286, 287, 293, 302, 303, 304, 305, 307, 308, 309, 310, 311, 312, 313, 324, 327, 335, 336, 338, 339, 340, 341, 342, 343, 344, 345, 346, 347, 348, 349, 351, 364, 386, 393, 403, 404, 405, 406, 407, 408, 409, 411, 414, 422, 423, 425, 426, 427, 428, 429, 430, 431, 432, 436, 442, 455, 456, 458, 461, 486, 493, 503, 504, 505, 506, 507, 508, 509, 510, 512, 514, 517, 522, 523, 524, 525, 527, 528, 529, 542, 552, 553, 554, 555, 556, 559, 574, 575, 578, 579, 582, 583, 584, 585, 586, 587, 588, 591, 593, 596, 597, 598, 600, 658, 659, 665, 666, 668, 669, 672, 681, 688, 689, 690, 691, 692, 693, 694, 695, 697, 700, 701, 702, 703, 704, 706, 708, 710, 711, 713, 714, 717, 718, 719, 720, 723, 724, 733, 735, 748, 760, 761, 762, 763, 764, 765, 770, 785, 786, 787, 793, 794, 795, 796, 797, 799, 800, 801, 802, 803, 806, 807, 808, 811, 812, 813, 814, 817, 818, 819, 820, 821, 822, 824, 827, 833, 834, 836, 838, 841, 842, 843, 844, 847, 848, 849, 852, 853, 854, 855, 856, 858, 859, 862, 863, 872, 873, 883, 884, 885, 887, 888, 892, 893, 895, 896, 897, 898, 902, 903, 904, 905, 906, 911, 914, 915, 916, 917, 918, 919, 922, 932, 934, 935, 936, 938, 939, 942, 943, 958, 959, 970, 971, 972, 973, 976, 977, 978, 980, 981, 982, 983, 984, 987, 988, 989, 990, 991, 993, 996, 997, 998, 999, 1000, 1001, 1003, 1006, 1007, 1008, 1011, 1012, 1013, 1016], "summary": {"covered_lines": 416, "num_statements": 541, "percent_covered": 76.89463955637709, "percent_covered_display": "77", "missing_lines": 125, "excluded_lines": 0}, "missing_lines": [55, 72, 161, 162, 164, 172, 177, 180, 258, 261, 288, 289, 290, 291, 365, 366, 367, 368, 369, 370, 371, 372, 373, 374, 375, 376, 377, 378, 379, 380, 381, 382, 383, 384, 457, 459, 462, 463, 464, 465, 466, 467, 468, 469, 470, 471, 472, 473, 474, 475, 476, 477, 478, 479, 480, 481, 482, 483, 484, 560, 561, 562, 563, 564, 565, 566, 567, 568, 569, 570, 571, 589, 592, 673, 674, 675, 676, 677, 678, 696, 707, 709, 721, 736, 737, 745, 746, 798, 825, 845, 864, 865, 866, 867, 868, 869, 889, 890, 894, 899, 900, 920, 944, 945, 946, 947, 949, 950, 951, 952, 953, 955, 960, 961, 962, 964, 965, 966, 967, 979, 992, 1002, 1017, 1018, 1019], "excluded_lines": [], "functions": {"require_auth": {"executed_lines": [54, 57, 58, 78], "summary": {"covered_lines": 4, "num_statements": 5, "percent_covered": 80.0, "percent_covered_display": "80", "missing_lines": 1, "excluded_lines": 0}, "missing_lines": [55], "excluded_lines": []}, "require_auth.decorator": {"executed_lines": [59, 77], "summary": {"covered_lines": 2, "num_statements": 2, "percent_covered": 100.0, "percent_covered_display": "100", "missing_lines": 0, "excluded_lines": 0}, "missing_lines": [], "excluded_lines": []}, "require_auth.decorator.wrapper": {"executed_lines": [60, 61, 62, 64, 65, 66, 67, 70, 71, 75, 76], "summary": {"covered_lines": 11, "num_statements": 12, "percent_covered": 91.66666666666667, "percent_covered_display": "92", "missing_lines": 1, "excluded_lines": 0}, "missing_lines": [72], "excluded_lines": []}, "Leader.to_dict": {"executed_lines": [93, 94], "summary": {"covered_lines": 2, "num_statements": 2, "percent_covered": 100.0, "percent_covered_display": "100", "missing_lines": 0, "excluded_lines": 0}, "missing_lines": [], "excluded_lines": []}, "Post.to_dict": {"executed_lines": [118], "summary": {"covered_lines": 1, "num_statements": 1, "percent_covered": 100.0, "percent_covered_display": "100", "missing_lines": 0, "excluded_lines": 0}, "missing_lines": [], "excluded_lines": []}, "ReviewItem.to_dict": {"executed_lines": [144], "summary": {"covered_lines": 1, "num_statements": 1, "percent_covered": 100.0, "percent_covered_display": "100", "missing_lines": 0, "excluded_lines": 0}, "missing_lines": [], "excluded_lines": []}, "_to_naive_datetime": {"executed_lines": [156, 157, 158, 159, 160, 163, 165], "summary": {"covered_lines": 7, "num_statements": 10, "percent_covered": 70.0, "percent_covered_display": "70", "missing_lines": 3, "excluded_lines": 0}, "missing_lines": [161, 162, 164], "excluded_lines": []}, "_compose_content": {"executed_lines": [169, 170, 171], "summary": {"covered_lines": 3, "num_statements": 4, "percent_covered": 75.0, "percent_covered_display": "75", "missing_lines": 1, "excluded_lines": 0}, "missing_lines": [172], "excluded_lines": []}, "_facebook_avatar": {"executed_lines": [176, 178, 179, 181], "summary": {"covered_lines": 4, "num_statements": 6, "percent_covered": 66.66666666666667, "percent_covered_display": "67", "missing_lines": 2, "excluded_lines": 0}, "missing_lines": [177, 180], "excluded_lines": []}, "JsonFormatter.format": {"executed_lines": [194, 200, 201, 202, 203, 204, 205], "summary": {"covered_lines": 7, "num_statements": 7, "percent_covered": 100.0, "percent_covered_display": "100", "missing_lines": 0, "excluded_lines": 0}, "missing_lines": [], "excluded_lines": []}, "_assign_request_id": {"executed_lines": [216, 217], "summary": {"covered_lines": 2, "num_statements": 2, "percent_covered": 100.0, "percent_covered_display": "100", "missing_lines": 0, "excluded_lines": 0}, "missing_lines": [], "excluded_lines": []}, "_log_request": {"executed_lines": [222, 223, 224, 225, 232, 233], "summary": {"covered_lines": 6, "num_statements": 6, "percent_covered": 100.0, "percent_covered_display": "100", "missing_lines": 0, "excluded_lines": 0}, "missing_lines": [], "excluded_lines": []}, "_hash_article": {"executed_lines": [237, 238], "summary": {"covered_lines": 2, "num_statements": 2, "percent_covered": 100.0, "percent_covered_display": "100", "missing_lines": 0, "excluded_lines": 0}, "missing_lines": [], "excluded_lines": []}, "_sync_posts_for_leader": {"executed_lines": [249, 251, 252, 253, 254, 255, 256, 257, 259, 260, 263, 264, 265, 267, 268, 269, 270, 271, 272, 274, 275, 283, 285, 286, 287, 293, 302, 303, 304, 305, 307, 308, 309, 310, 311, 312, 313, 324], "summary": {"covered_lines": 38, "num_statements": 44, "percent_covered": 86.36363636363636, "percent_covered_display": "86", "missing_lines": 6, "excluded_lines": 0}, "missing_lines": [258, 261, 288, 289, 290, 291], "excluded_lines": []}, "_upsert_article_posts": {"executed_lines": [335, 336, 338, 339, 340, 341, 342, 343, 344, 345, 346, 347, 348, 349, 351, 364, 386, 393, 403, 404, 405, 406, 407, 408, 409, 411], "summary": {"covered_lines": 26, "num_statements": 46, "percent_covered": 56.52173913043478, "percent_covered_display": "57", "missing_lines": 20, "excluded_lines": 0}, "missing_lines": [365, 366, 367, 368, 369, 370, 371, 372, 373, 374, 375, 376, 377, 378, 379, 380, 381, 382, 383, 384], "excluded_lines": []}, "_upsert_graph_posts": {"executed_lines": [422, 423, 425, 426, 427, 428, 429, 430, 431, 432, 436, 442, 455, 456, 458, 461, 486, 493, 503, 504, 505, 506, 507, 508, 509, 510, 512, 514], "summary": {"covered_lines": 28, "num_statements": 53, "percent_covered": 52.83018867924528, "percent_covered_display": "53", "missing_lines": 25, "excluded_lines": 0}, "missing_lines": [457, 459, 462, 463, 464, 465, 466, 467, 468, 469, 470, 471, 472, 473, 474, 475, 476, 477, 478, 479, 480, 481, 482, 483, 484], "excluded_lines": []}, "_ensure_sample_post": {"executed_lines": [522, 523, 524, 525, 527, 528, 529, 542, 552, 553, 554, 555, 556], "summary": {"covered_lines": 13, "num_statements": 13, "percent_covered": 100.0, "percent_covered_display": "100", "missing_lines": 0, "excluded_lines": 0}, "missing_lines": [], "excluded_lines": []}, "_extract_graph_media_url": {"executed_lines": [], "summary": {"covered_lines": 0, "num_statements": 12, "percent_covered": 0.0, "percent_covered_display": "0", "missing_lines": 12, "excluded_lines": 0}, "missing_lines": [560, 561, 562, 563, 564, 565, 566, 567, 568, 569, 570, 571], "excluded_lines": []}, "_admin_serializer": {"executed_lines": [575], "summary": {"covered_lines": 1, "num_statements": 1, "percent_covered": 100.0, "percent_covered_display": "100", "missing_lines": 0, "excluded_lines": 0}, "missing_lines": [], "excluded_lines": []}, "generate_admin_token": {"executed_lines": [579], "summary": {"covered_lines": 1, "num_statements": 1, "percent_covered": 100.0, "percent_covered_display": "100", "missing_lines": 0, "excluded_lines": 0}, "missing_lines": [], "excluded_lines": []}, "_verify_admin_token": {"executed_lines": [583, 584, 585, 586, 587, 588, 591, 593], "summary": {"covered_lines": 8, "num_statements": 10, "percent_covered": 80.0, "percent_covered_display": "80", "missing_lines": 2, "excluded_lines": 0}, "missing_lines": [589, 592], "excluded_lines": []}, "seed_data": {"executed_lines": [597, 598, 600, 658, 659, 665, 666, 668, 669], "summary": {"covered_lines": 9, "num_statements": 9, "percent_covered": 100.0, "percent_covered_display": "100", "missing_lines": 0, "excluded_lines": 0}, "missing_lines": [], "excluded_lines": []}, "serialize_dashboard": {"executed_lines": [], "summary": {"covered_lines": 0, "num_statements": 6, "percent_covered": 0.0, "percent_covered_display": "0", "missing_lines": 6, "excluded_lines": 0}, "missing_lines": [673, 674, 675, 676, 677, 678], "excluded_lines": []}, "admin_ping": {"executed_lines": [690, 691, 692, 693, 694, 695, 697], "summary": {"covered_lines": 7, "num_statements": 8, "percent_covered": 87.5, "percent_covered_display": "88", "missing_lines": 1, "excluded_lines": 0}, "missing_lines": [696], "excluded_lines": []}, "admin_token": {"executed_lines": [702, 703, 704, 706, 708, 710, 711, 713, 714], "summary": {"covered_lines": 9, "num_statements": 11, "percent_covered": 81.81818181818181, "percent_covered_display": "82", "missing_lines": 2, "excluded_lines": 0}, "missing_lines": [707, 709], "excluded_lines": []}, "handle_uncaught_exception": {"executed_lines": [719, 720, 723, 724, 733, 735, 748], "summary": {"covered_lines": 7, "num_statements": 12, "percent_covered": 58.333333333333336, "percent_covered_display": "58", "missing_lines": 5, "excluded_lines": 0}, "missing_lines": [721, 736, 737, 745, 746], "excluded_lines": []}, "health_check": {"executed_lines": [762, 763, 764, 765, 770], "summary": {"covered_lines": 5, "num_statements": 5, "percent_covered": 100.0, "percent_covered_display": "100", "missing_lines": 0, "excluded_lines": 0}, "missing_lines": [], "excluded_lines": []}, "metrics": {"executed_lines": [787], "summary": {"covered_lines": 1, "num_statements": 1, "percent_covered": 100.0, "percent_covered_display": "100", "missing_lines": 0, "excluded_lines": 0}, "missing_lines": [], "excluded_lines": []}, "sentiment_batch": {"executed_lines": [795, 796, 797, 799, 800, 801, 802, 803], "summary": {"covered_lines": 8, "num_statements": 9, "percent_covered": 88.88888888888889, "percent_covered_display": "89", "missing_lines": 1, "excluded_lines": 0}, "missing_lines": [798], "excluded_lines": []}, "get_dashboard": {"executed_lines": [808], "summary": {"covered_lines": 1, "num_statements": 1, "percent_covered": 100.0, "percent_covered_display": "100", "missing_lines": 0, "excluded_lines": 0}, "missing_lines": [], "excluded_lines": []}, "list_leaders": {"executed_lines": [813, 814], "summary": {"covered_lines": 2, "num_statements": 2, "percent_covered": 100.0, "percent_covered_display": "100", "missing_lines": 0, "excluded_lines": 0}, "missing_lines": [], "excluded_lines": []}, "create_leader": {"executed_lines": [819, 820, 821, 822, 824, 827, 833, 834, 836, 838], "summary": {"covered_lines": 10, "num_statements": 11, "percent_covered": 90.9090909090909, "percent_covered_display": "91", "missing_lines": 1, "excluded_lines": 0}, "missing_lines": [825], "excluded_lines": []}, "delete_leader": {"executed_lines": [843, 844, 847, 848, 849], "summary": {"covered_lines": 5, "num_statements": 6, "percent_covered": 83.33333333333333, "percent_covered_display": "83", "missing_lines": 1, "excluded_lines": 0}, "missing_lines": [845], "excluded_lines": []}, "refresh_leader": {"executed_lines": [854, 855, 856, 858, 859], "summary": {"covered_lines": 5, "num_statements": 5, "percent_covered": 100.0, "percent_covered_display": "100", "missing_lines": 0, "excluded_lines": 0}, "missing_lines": [], "excluded_lines": []}, "list_posts": {"executed_lines": [], "summary": {"covered_lines": 0, "num_statements": 6, "percent_covered": 0.0, "percent_covered_display": "0", "missing_lines": 6, "excluded_lines": 0}, "missing_lines": [864, 865, 866, 867, 868, 869], "excluded_lines": []}, "list_posts_paginated": {"executed_lines": [883, 884, 885, 887, 888, 892, 893, 895, 896, 897, 898, 902, 903, 904, 905, 906, 911], "summary": {"covered_lines": 17, "num_statements": 22, "percent_covered": 77.27272727272727, "percent_covered_display": "77", "missing_lines": 5, "excluded_lines": 0}, "missing_lines": [889, 890, 894, 899, 900], "excluded_lines": []}, "create_post": {"executed_lines": [916, 917, 918, 919, 922, 932, 934, 935, 936, 938, 939], "summary": {"covered_lines": 11, "num_statements": 12, "percent_covered": 91.66666666666667, "percent_covered_display": "92", "missing_lines": 1, "excluded_lines": 0}, "missing_lines": [920], "excluded_lines": []}, "update_post": {"executed_lines": [], "summary": {"covered_lines": 0, "num_statements": 10, "percent_covered": 0.0, "percent_covered_display": "0", "missing_lines": 10, "excluded_lines": 0}, "missing_lines": [944, 945, 946, 947, 949, 950, 951, 952, 953, 955], "excluded_lines": []}, "delete_post": {"executed_lines": [], "summary": {"covered_lines": 0, "num_statements": 7, "percent_covered": 0.0, "percent_covered_display": "0", "missing_lines": 7, "excluded_lines": 0}, "missing_lines": [960, 961, 962, 964, 965, 966, 967], "excluded_lines": []}, "list_review_items": {"executed_lines": [972, 973], "summary": {"covered_lines": 2, "num_statements": 2, "percent_covered": 100.0, "percent_covered_display": "100", "missing_lines": 0, "excluded_lines": 0}, "missing_lines": [], "excluded_lines": []}, "_update_review_state": {"executed_lines": [977, 978, 980, 981, 982, 983, 984], "summary": {"covered_lines": 7, "num_statements": 8, "percent_covered": 87.5, "percent_covered_display": "88", "missing_lines": 1, "excluded_lines": 0}, "missing_lines": [979], "excluded_lines": []}, "approve_review": {"executed_lines": [990, 991, 993], "summary": {"covered_lines": 3, "num_statements": 4, "percent_covered": 75.0, "percent_covered_display": "75", "missing_lines": 1, "excluded_lines": 0}, "missing_lines": [992], "excluded_lines": []}, "reject_review": {"executed_lines": [999, 1000, 1001, 1003], "summary": {"covered_lines": 4, "num_statements": 5, "percent_covered": 80.0, "percent_covered_display": "80", "missing_lines": 1, "excluded_lines": 0}, "missing_lines": [1002], "excluded_lines": []}, "init_db": {"executed_lines": [1007, 1008], "summary": {"covered_lines": 2, "num_statements": 2, "percent_covered": 100.0, "percent_covered_display": "100", "missing_lines": 0, "excluded_lines": 0}, "missing_lines": [], "excluded_lines": []}, "": {"executed_lines": [2, 4, 5, 6, 7, 8, 9, 10, 12, 13, 14, 16, 18, 19, 20, 21, 22, 24, 25, 26, 27, 28, 29, 30, 32, 33, 34, 36, 37, 40, 43, 81, 82, 84, 85, 86, 87, 88, 90, 92, 104, 105, 107, 108, 109, 110, 111, 112, 113, 114, 115, 117, 131, 132, 134, 135, 136, 137, 138, 139, 141, 143, 155, 168, 175, 184, 192, 193, 208, 209, 210, 211, 214, 215, 220, 221, 236, 241, 327, 414, 517, 559, 574, 578, 582, 596, 672, 681, 688, 689, 700, 701, 717, 718, 760, 761, 785, 786, 793, 794, 806, 807, 811, 812, 817, 818, 841, 842, 852, 853, 862, 863, 872, 873, 914, 915, 942, 943, 958, 959, 970, 971, 976, 987, 988, 989, 996, 997, 998, 1006, 1011, 1012, 1013, 1016], "summary": {"covered_lines": 134, "num_statements": 137, "percent_covered": 97.81021897810218, "percent_covered_display": "98", "missing_lines": 3, "excluded_lines": 0}, "missing_lines": [1017, 1018, 1019], "excluded_lines": []}}, "classes": {"Leader": {"executed_lines": [93, 94], "summary": {"covered_lines": 2, "num_statements": 2, "percent_covered": 100.0, "percent_covered_display": "100", "missing_lines": 0, "excluded_lines": 0}, "missing_lines": [], "excluded_lines": []}, "Post": {"executed_lines": [118], "summary": {"covered_lines": 1, "num_statements": 1, "percent_covered": 100.0, "percent_covered_display": "100", "missing_lines": 0, "excluded_lines": 0}, "missing_lines": [], "excluded_lines": []}, "ReviewItem": {"executed_lines": [144], "summary": {"covered_lines": 1, "num_statements": 1, "percent_covered": 100.0, "percent_covered_display": "100", "missing_lines": 0, "excluded_lines": 0}, "missing_lines": [], "excluded_lines": []}, "JsonFormatter": {"executed_lines": [194, 200, 201, 202, 203, 204, 205], "summary": {"covered_lines": 7, "num_statements": 7, "percent_covered": 100.0, "percent_covered_display": "100", "missing_lines": 0, "excluded_lines": 0}, "missing_lines": [], "excluded_lines": []}, "": {"executed_lines": [2, 4, 5, 6, 7, 8, 9, 10, 12, 13, 14, 16, 18, 19, 20, 21, 22, 24, 25, 26, 27, 28, 29, 30, 32, 33, 34, 36, 37, 40, 43, 54, 57, 58, 59, 60, 61, 62, 64, 65, 66, 67, 70, 71, 75, 76, 77, 78, 81, 82, 84, 85, 86, 87, 88, 90, 92, 104, 105, 107, 108, 109, 110, 111, 112, 113, 114, 115, 117, 131, 132, 134, 135, 136, 137, 138, 139, 141, 143, 155, 156, 157, 158, 159, 160, 163, 165, 168, 169, 170, 171, 175, 176, 178, 179, 181, 184, 192, 193, 208, 209, 210, 211, 214, 215, 216, 217, 220, 221, 222, 223, 224, 225, 232, 233, 236, 237, 238, 241, 249, 251, 252, 253, 254, 255, 256, 257, 259, 260, 263, 264, 265, 267, 268, 269, 270, 271, 272, 274, 275, 283, 285, 286, 287, 293, 302, 303, 304, 305, 307, 308, 309, 310, 311, 312, 313, 324, 327, 335, 336, 338, 339, 340, 341, 342, 343, 344, 345, 346, 347, 348, 349, 351, 364, 386, 393, 403, 404, 405, 406, 407, 408, 409, 411, 414, 422, 423, 425, 426, 427, 428, 429, 430, 431, 432, 436, 442, 455, 456, 458, 461, 486, 493, 503, 504, 505, 506, 507, 508, 509, 510, 512, 514, 517, 522, 523, 524, 525, 527, 528, 529, 542, 552, 553, 554, 555, 556, 559, 574, 575, 578, 579, 582, 583, 584, 585, 586, 587, 588, 591, 593, 596, 597, 598, 600, 658, 659, 665, 666, 668, 669, 672, 681, 688, 689, 690, 691, 692, 693, 694, 695, 697, 700, 701, 702, 703, 704, 706, 708, 710, 711, 713, 714, 717, 718, 719, 720, 723, 724, 733, 735, 748, 760, 761, 762, 763, 764, 765, 770, 785, 786, 787, 793, 794, 795, 796, 797, 799, 800, 801, 802, 803, 806, 807, 808, 811, 812, 813, 814, 817, 818, 819, 820, 821, 822, 824, 827, 833, 834, 836, 838, 841, 842, 843, 844, 847, 848, 849, 852, 853, 854, 855, 856, 858, 859, 862, 863, 872, 873, 883, 884, 885, 887, 888, 892, 893, 895, 896, 897, 898, 902, 903, 904, 905, 906, 911, 914, 915, 916, 917, 918, 919, 922, 932, 934, 935, 936, 938, 939, 942, 943, 958, 959, 970, 971, 972, 973, 976, 977, 978, 980, 981, 982, 983, 984, 987, 988, 989, 990, 991, 993, 996, 997, 998, 999, 1000, 1001, 1003, 1006, 1007, 1008, 1011, 1012, 1013, 1016], "summary": {"covered_lines": 405, "num_statements": 530, "percent_covered": 76.41509433962264, "percent_covered_display": "76", "missing_lines": 125, "excluded_lines": 0}, "missing_lines": [55, 72, 161, 162, 164, 172, 177, 180, 258, 261, 288, 289, 290, 291, 365, 366, 367, 368, 369, 370, 371, 372, 373, 374, 375, 376, 377, 378, 379, 380, 381, 382, 383, 384, 457, 459, 462, 463, 464, 465, 466, 467, 468, 469, 470, 471, 472, 473, 474, 475, 476, 477, 478, 479, 480, 481, 482, 483, 484, 560, 561, 562, 563, 564, 565, 566, 567, 568, 569, 570, 571, 589, 592, 673, 674, 675, 676, 677, 678, 696, 707, 709, 721, 736, 737, 745, 746, 798, 825, 845, 864, 865, 866, 867, 868, 869, 889, 890, 894, 899, 900, 920, 944, 945, 946, 947, 949, 950, 951, 952, 953, 955, 960, 961, 962, 964, 965, 966, 967, 979, 992, 1002, 1017, 1018, 1019], "excluded_lines": []}}}, "facebook_client.py": {"executed_lines": [1, 2, 4, 5, 7, 9, 10, 12, 13, 16, 23], "summary": {"covered_lines": 9, "num_statements": 23, "percent_covered": 39.130434782608695, "percent_covered_display": "39", "missing_lines": 14, "excluded_lines": 0}, "missing_lines": [17, 18, 19, 20, 33, 34, 35, 36, 37, 42, 46, 47, 48, 49], "excluded_lines": [], "functions": {"_access_token": {"executed_lines": [], "summary": {"covered_lines": 0, "num_statements": 4, "percent_covered": 0.0, "percent_covered_display": "0", "missing_lines": 4, "excluded_lines": 0}, "missing_lines": [17, 18, 19, 20], "excluded_lines": []}, "fetch_posts": {"executed_lines": [], "summary": {"covered_lines": 0, "num_statements": 10, "percent_covered": 0.0, "percent_covered_display": "0", "missing_lines": 10, "excluded_lines": 0}, "missing_lines": [33, 34, 35, 36, 37, 42, 46, 47, 48, 49], "excluded_lines": []}, "": {"executed_lines": [1, 2, 4, 5, 7, 9, 10, 12, 13, 16, 23], "summary": {"covered_lines": 9, "num_statements": 9, "percent_covered": 100.0, "percent_covered_display": "100", "missing_lines": 0, "excluded_lines": 0}, "missing_lines": [], "excluded_lines": []}}, "classes": {"FacebookGraphError": {"executed_lines": [], "summary": {"covered_lines": 0, "num_statements": 0, "percent_covered": 100.0, "percent_covered_display": "100", "missing_lines": 0, "excluded_lines": 0}, "missing_lines": [], "excluded_lines": []}, "": {"executed_lines": [1, 2, 4, 5, 7, 9, 10, 12, 13, 16, 23], "summary": {"covered_lines": 9, "num_statements": 23, "percent_covered": 39.130434782608695, "percent_covered_display": "39", "missing_lines": 14, "excluded_lines": 0}, "missing_lines": [17, 18, 19, 20, 33, 34, 35, 36, 37, 42, 46, 47, 48, 49], "excluded_lines": []}}}, "news_sources.py": {"executed_lines": [1, 2, 4, 5, 6, 7, 8, 10, 11, 12, 14, 16, 20, 21, 22, 24, 25, 26, 29, 30, 33, 41, 42, 46, 96, 97, 101, 102, 104, 129, 132, 134, 135, 138, 139, 141, 142], "summary": {"covered_lines": 36, "num_statements": 79, "percent_covered": 45.56962025316456, "percent_covered_display": "46", "missing_lines": 43, "excluded_lines": 0}, "missing_lines": [34, 35, 36, 37, 38, 47, 49, 50, 52, 53, 54, 55, 56, 57, 58, 59, 60, 62, 67, 68, 69, 70, 71, 72, 74, 75, 76, 77, 79, 90, 91, 93, 105, 106, 107, 111, 112, 113, 115, 116, 118, 136, 137], "excluded_lines": [], "functions": {"_default_headers": {"executed_lines": [30], "summary": {"covered_lines": 1, "num_statements": 1, "percent_covered": 100.0, "percent_covered_display": "100", "missing_lines": 0, "excluded_lines": 0}, "missing_lines": [], "excluded_lines": []}, "_normalise_iso": {"executed_lines": [], "summary": {"covered_lines": 0, "num_statements": 5, "percent_covered": 0.0, "percent_covered_display": "0", "missing_lines": 5, "excluded_lines": 0}, "missing_lines": [34, 35, 36, 37, 38], "excluded_lines": []}, "_scrape_google_news": {"executed_lines": [42, 46], "summary": {"covered_lines": 2, "num_statements": 29, "percent_covered": 6.896551724137931, "percent_covered_display": "7", "missing_lines": 27, "excluded_lines": 0}, "missing_lines": [47, 49, 50, 52, 53, 54, 55, 56, 57, 58, 59, 60, 62, 67, 68, 69, 70, 71, 72, 74, 75, 76, 77, 79, 90, 91, 93], "excluded_lines": []}, "_rss_google_news": {"executed_lines": [97, 101, 102, 104, 129], "summary": {"covered_lines": 5, "num_statements": 14, "percent_covered": 35.714285714285715, "percent_covered_display": "36", "missing_lines": 9, "excluded_lines": 0}, "missing_lines": [105, 106, 107, 111, 112, 113, 115, 116, 118], "excluded_lines": []}, "fetch_articles": {"executed_lines": [134, 135, 138, 139, 141, 142], "summary": {"covered_lines": 6, "num_statements": 8, "percent_covered": 75.0, "percent_covered_display": "75", "missing_lines": 2, "excluded_lines": 0}, "missing_lines": [136, 137], "excluded_lines": []}, "": {"executed_lines": [1, 2, 4, 5, 6, 7, 8, 10, 11, 12, 14, 16, 20, 21, 22, 24, 25, 26, 29, 33, 41, 96, 132], "summary": {"covered_lines": 22, "num_statements": 22, "percent_covered": 100.0, "percent_covered_display": "100", "missing_lines": 0, "excluded_lines": 0}, "missing_lines": [], "excluded_lines": []}}, "classes": {"": {"executed_lines": [1, 2, 4, 5, 6, 7, 8, 10, 11, 12, 14, 16, 20, 21, 22, 24, 25, 26, 29, 30, 33, 41, 42, 46, 96, 97, 101, 102, 104, 129, 132, 134, 135, 138, 139, 141, 142], "summary": {"covered_lines": 36, "num_statements": 79, "percent_covered": 45.56962025316456, "percent_covered_display": "46", "missing_lines": 43, "excluded_lines": 0}, "missing_lines": [34, 35, 36, 37, 38, 47, 49, 50, 52, 53, 54, 55, 56, 57, 58, 59, 60, 62, 67, 68, 69, 70, 71, 72, 74, 75, 76, 77, 79, 90, 91, 93, 105, 106, 107, 111, 112, 113, 115, 116, 118, 136, 137], "excluded_lines": []}}}, "sentiment.py": {"executed_lines": [1, 2, 4, 6, 9, 10, 11, 14, 22, 24, 25, 26, 27, 28, 30, 31], "summary": {"covered_lines": 15, "num_statements": 16, "percent_covered": 93.75, "percent_covered_display": "94", "missing_lines": 1, "excluded_lines": 0}, "missing_lines": [23], "excluded_lines": [], "functions": {"_analyzer": {"executed_lines": [11], "summary": {"covered_lines": 1, "num_statements": 1, "percent_covered": 100.0, "percent_covered_display": "100", "missing_lines": 0, "excluded_lines": 0}, "missing_lines": [], "excluded_lines": []}, "classify_sentiment": {"executed_lines": [22, 24, 25, 26, 27, 28, 30, 31], "summary": {"covered_lines": 8, "num_statements": 9, "percent_covered": 88.88888888888889, "percent_covered_display": "89", "missing_lines": 1, "excluded_lines": 0}, "missing_lines": [23], "excluded_lines": []}, "": {"executed_lines": [1, 2, 4, 6, 9, 10, 14], "summary": {"covered_lines": 6, "num_statements": 6, "percent_covered": 100.0, "percent_covered_display": "100", "missing_lines": 0, "excluded_lines": 0}, "missing_lines": [], "excluded_lines": []}}, "classes": {"": {"executed_lines": [1, 2, 4, 6, 9, 10, 11, 14, 22, 24, 25, 26, 27, 28, 30, 31], "summary": {"covered_lines": 15, "num_statements": 16, "percent_covered": 93.75, "percent_covered_display": "94", "missing_lines": 1, "excluded_lines": 0}, "missing_lines": [23], "excluded_lines": []}}}, "tests/test_auth.py": {"executed_lines": [1, 2, 3, 4, 5, 7, 10, 11, 14, 15, 18, 19, 20, 21, 22, 24, 28, 29, 32, 33, 34, 35, 36, 37, 38, 39, 40, 43, 44, 45, 46, 47, 48, 49, 52, 53, 54, 55, 57, 58, 59, 60, 61, 62, 64, 65], "summary": {"covered_lines": 46, "num_statements": 47, "percent_covered": 97.87234042553192, "percent_covered_display": "98", "missing_lines": 1, "excluded_lines": 0}, "missing_lines": [12], "excluded_lines": [], "functions": {"client": {"executed_lines": [20, 21, 22], "summary": {"covered_lines": 3, "num_statements": 3, "percent_covered": 100.0, "percent_covered_display": "100", "missing_lines": 0, "excluded_lines": 0}, "missing_lines": [], "excluded_lines": []}, "test_admin_ping_unauthorized": {"executed_lines": [28, 29], "summary": {"covered_lines": 2, "num_statements": 2, "percent_covered": 100.0, "percent_covered_display": "100", "missing_lines": 0, "excluded_lines": 0}, "missing_lines": [], "excluded_lines": []}, "test_admin_ping_authorized": {"executed_lines": [33, 34, 35, 36, 37, 38, 39, 40], "summary": {"covered_lines": 8, "num_statements": 8, "percent_covered": 100.0, "percent_covered_display": "100", "missing_lines": 0, "excluded_lines": 0}, "missing_lines": [], "excluded_lines": []}, "test_admin_token_issue_requires_valid_secret": {"executed_lines": [44, 45, 46, 47, 48, 49], "summary": {"covered_lines": 6, "num_statements": 6, "percent_covered": 100.0, "percent_covered_display": "100", "missing_lines": 0, "excluded_lines": 0}, "missing_lines": [], "excluded_lines": []}, "test_admin_token_issue_returns_token": {"executed_lines": [53, 54, 55, 57, 58, 59, 60, 61, 62, 64, 65], "summary": {"covered_lines": 11, "num_statements": 11, "percent_covered": 100.0, "percent_covered_display": "100", "missing_lines": 0, "excluded_lines": 0}, "missing_lines": [], "excluded_lines": []}, "": {"executed_lines": [1, 2, 3, 4, 5, 7, 10, 11, 14, 15, 18, 19, 24, 32, 43, 52], "summary": {"covered_lines": 16, "num_statements": 17, "percent_covered": 94.11764705882354, "percent_covered_display": "94", "missing_lines": 1, "excluded_lines": 0}, "missing_lines": [12], "excluded_lines": []}}, "classes": {"": {"executed_lines": [1, 2, 3, 4, 5, 7, 10, 11, 14, 15, 18, 19, 20, 21, 22, 24, 28, 29, 32, 33, 34, 35, 36, 37, 38, 39, 40, 43, 44, 45, 46, 47, 48, 49, 52, 53, 54, 55, 57, 58, 59, 60, 61, 62, 64, 65], "summary": {"covered_lines": 46, "num_statements": 47, "percent_covered": 97.87234042553192, "percent_covered_display": "98", "missing_lines": 1, "excluded_lines": 0}, "missing_lines": [12], "excluded_lines": []}}}, "tests/test_facebook_ingestion.py": {"executed_lines": [1, 2, 3, 4, 5, 6, 9, 10, 11, 13, 14, 17, 18, 19, 20, 21, 23, 24, 25, 31, 32, 34, 50, 51, 52, 53, 55, 56, 57, 59, 61, 62, 63, 64, 65, 66, 67, 68, 70, 71, 72, 73, 76, 77, 78, 84, 85, 87, 89, 90, 92, 94, 95, 96, 97, 98, 99, 100, 103, 104, 105, 111, 112, 114, 115, 117, 118, 127, 128, 129, 131, 133, 134, 135, 136, 137], "summary": {"covered_lines": 76, "num_statements": 77, "percent_covered": 98.7012987012987, "percent_covered_display": "99", "missing_lines": 1, "excluded_lines": 0}, "missing_lines": [15], "excluded_lines": [], "functions": {"test_graph_ingestion_persists_avatar_and_media": {"executed_lines": [24, 25, 31, 32, 34, 50, 55, 56, 57, 59, 61, 62, 63, 64, 65, 66, 67, 68, 70, 71, 72, 73], "summary": {"covered_lines": 22, "num_statements": 22, "percent_covered": 100.0, "percent_covered_display": "100", "missing_lines": 0, "excluded_lines": 0}, "missing_lines": [], "excluded_lines": []}, "test_graph_ingestion_persists_avatar_and_media.fake_fetch_posts": {"executed_lines": [51, 52, 53], "summary": {"covered_lines": 3, "num_statements": 3, "percent_covered": 100.0, "percent_covered_display": "100", "missing_lines": 0, "excluded_lines": 0}, "missing_lines": [], "excluded_lines": []}, "test_sample_post_backfill_when_no_sources": {"executed_lines": [77, 78, 84, 85, 87, 89, 92, 94, 95, 96, 97, 98, 99, 100], "summary": {"covered_lines": 14, "num_statements": 14, "percent_covered": 100.0, "percent_covered_display": "100", "missing_lines": 0, "excluded_lines": 0}, "missing_lines": [], "excluded_lines": []}, "test_sample_post_backfill_when_no_sources.empty_fetch_articles": {"executed_lines": [90], "summary": {"covered_lines": 1, "num_statements": 1, "percent_covered": 100.0, "percent_covered_display": "100", "missing_lines": 0, "excluded_lines": 0}, "missing_lines": [], "excluded_lines": []}, "test_graph_ingestion_falls_back_to_news_on_error": {"executed_lines": [104, 105, 111, 112, 114, 117, 127, 128, 129, 131, 133, 134, 135, 136, 137], "summary": {"covered_lines": 15, "num_statements": 15, "percent_covered": 100.0, "percent_covered_display": "100", "missing_lines": 0, "excluded_lines": 0}, "missing_lines": [], "excluded_lines": []}, "test_graph_ingestion_falls_back_to_news_on_error.failing_fetch_posts": {"executed_lines": [115], "summary": {"covered_lines": 1, "num_statements": 1, "percent_covered": 100.0, "percent_covered_display": "100", "missing_lines": 0, "excluded_lines": 0}, "missing_lines": [], "excluded_lines": []}, "test_graph_ingestion_falls_back_to_news_on_error.fake_fetch_articles": {"executed_lines": [118], "summary": {"covered_lines": 1, "num_statements": 1, "percent_covered": 100.0, "percent_covered_display": "100", "missing_lines": 0, "excluded_lines": 0}, "missing_lines": [], "excluded_lines": []}, "": {"executed_lines": [1, 2, 3, 4, 5, 6, 9, 10, 11, 13, 14, 17, 18, 19, 20, 21, 23, 76, 103], "summary": {"covered_lines": 19, "num_statements": 20, "percent_covered": 95.0, "percent_covered_display": "95", "missing_lines": 1, "excluded_lines": 0}, "missing_lines": [15], "excluded_lines": []}}, "classes": {"": {"executed_lines": [1, 2, 3, 4, 5, 6, 9, 10, 11, 13, 14, 17, 18, 19, 20, 21, 23, 24, 25, 31, 32, 34, 50, 51, 52, 53, 55, 56, 57, 59, 61, 62, 63, 64, 65, 66, 67, 68, 70, 71, 72, 73, 76, 77, 78, 84, 85, 87, 89, 90, 92, 94, 95, 96, 97, 98, 99, 100, 103, 104, 105, 111, 112, 114, 115, 117, 118, 127, 128, 129, 131, 133, 134, 135, 136, 137], "summary": {"covered_lines": 76, "num_statements": 77, "percent_covered": 98.7012987012987, "percent_covered_display": "99", "missing_lines": 1, "excluded_lines": 0}, "missing_lines": [15], "excluded_lines": []}}}, "tests/test_health.py": {"executed_lines": [1, 2, 3, 4, 6, 9, 10, 13, 14, 17, 18, 19, 20, 21, 22, 23, 24, 25], "summary": {"covered_lines": 18, "num_statements": 19, "percent_covered": 94.73684210526316, "percent_covered_display": "95", "missing_lines": 1, "excluded_lines": 0}, "missing_lines": [11], "excluded_lines": [], "functions": {"test_health": {"executed_lines": [18, 19, 20, 21, 22, 23, 24, 25], "summary": {"covered_lines": 8, "num_statements": 8, "percent_covered": 100.0, "percent_covered_display": "100", "missing_lines": 0, "excluded_lines": 0}, "missing_lines": [], "excluded_lines": []}, "": {"executed_lines": [1, 2, 3, 4, 6, 9, 10, 13, 14, 17], "summary": {"covered_lines": 10, "num_statements": 11, "percent_covered": 90.9090909090909, "percent_covered_display": "91", "missing_lines": 1, "excluded_lines": 0}, "missing_lines": [11], "excluded_lines": []}}, "classes": {"": {"executed_lines": [1, 2, 3, 4, 6, 9, 10, 13, 14, 17, 18, 19, 20, 21, 22, 23, 24, 25], "summary": {"covered_lines": 18, "num_statements": 19, "percent_covered": 94.73684210526316, "percent_covered_display": "95", "missing_lines": 1, "excluded_lines": 0}, "missing_lines": [11], "excluded_lines": []}}}, "tests/test_ingest_sentiment_score.py": {"executed_lines": [1, 2, 3, 4, 5, 6, 8, 9, 10, 13, 14, 15, 16, 17, 18, 20, 22, 32, 34, 35, 36, 38, 39, 40, 43, 44, 45, 48, 49, 50, 51, 52, 54], "summary": {"covered_lines": 33, "num_statements": 34, "percent_covered": 97.05882352941177, "percent_covered_display": "97", "missing_lines": 1, "excluded_lines": 0}, "missing_lines": [11], "excluded_lines": [], "functions": {"_fake_fetch_articles": {"executed_lines": [22], "summary": {"covered_lines": 1, "num_statements": 1, "percent_covered": 100.0, "percent_covered_display": "100", "missing_lines": 0, "excluded_lines": 0}, "missing_lines": [], "excluded_lines": []}, "test_ingest_posts_have_sentiment_score": {"executed_lines": [34, 35, 36, 38, 39, 40, 43, 44, 45, 48, 49, 50, 51, 52, 54], "summary": {"covered_lines": 15, "num_statements": 15, "percent_covered": 100.0, "percent_covered_display": "100", "missing_lines": 0, "excluded_lines": 0}, "missing_lines": [], "excluded_lines": []}, "": {"executed_lines": [1, 2, 3, 4, 5, 6, 8, 9, 10, 13, 14, 15, 16, 17, 18, 20, 32], "summary": {"covered_lines": 17, "num_statements": 18, "percent_covered": 94.44444444444444, "percent_covered_display": "94", "missing_lines": 1, "excluded_lines": 0}, "missing_lines": [11], "excluded_lines": []}}, "classes": {"": {"executed_lines": [1, 2, 3, 4, 5, 6, 8, 9, 10, 13, 14, 15, 16, 17, 18, 20, 22, 32, 34, 35, 36, 38, 39, 40, 43, 44, 45, 48, 49, 50, 51, 52, 54], "summary": {"covered_lines": 33, "num_statements": 34, "percent_covered": 97.05882352941177, "percent_covered_display": "97", "missing_lines": 1, "excluded_lines": 0}, "missing_lines": [11], "excluded_lines": []}}}, "tests/test_leader_crud.py": {"executed_lines": [1, 2, 3, 4, 6, 7, 8, 11, 12, 15, 16, 18, 19, 20, 21, 22, 23, 26, 27, 28, 29, 32, 33, 34, 37, 38], "summary": {"covered_lines": 26, "num_statements": 27, "percent_covered": 96.29629629629629, "percent_covered_display": "96", "missing_lines": 1, "excluded_lines": 0}, "missing_lines": [9], "excluded_lines": [], "functions": {"test_leader_crud": {"executed_lines": [16, 18, 19, 20, 21, 22, 23, 26, 27, 28, 29, 32, 33, 34, 37, 38], "summary": {"covered_lines": 16, "num_statements": 16, "percent_covered": 100.0, "percent_covered_display": "100", "missing_lines": 0, "excluded_lines": 0}, "missing_lines": [], "excluded_lines": []}, "": {"executed_lines": [1, 2, 3, 4, 6, 7, 8, 11, 12, 15], "summary": {"covered_lines": 10, "num_statements": 11, "percent_covered": 90.9090909090909, "percent_covered_display": "91", "missing_lines": 1, "excluded_lines": 0}, "missing_lines": [9], "excluded_lines": []}}, "classes": {"": {"executed_lines": [1, 2, 3, 4, 6, 7, 8, 11, 12, 15, 16, 18, 19, 20, 21, 22, 23, 26, 27, 28, 29, 32, 33, 34, 37, 38], "summary": {"covered_lines": 26, "num_statements": 27, "percent_covered": 96.29629629629629, "percent_covered_display": "96", "missing_lines": 1, "excluded_lines": 0}, "missing_lines": [9], "excluded_lines": []}}}, "tests/test_leader_seed.py": {"executed_lines": [1, 2, 3, 4, 6, 8, 10, 11, 14, 15, 18, 19, 20, 21, 22, 23, 24, 27, 28, 42, 43, 45, 47, 48, 49, 50, 52, 53], "summary": {"covered_lines": 28, "num_statements": 29, "percent_covered": 96.55172413793103, "percent_covered_display": "97", "missing_lines": 1, "excluded_lines": 0}, "missing_lines": [12], "excluded_lines": [], "functions": {"_reset_db": {"executed_lines": [20, 21, 22, 23, 24], "summary": {"covered_lines": 5, "num_statements": 5, "percent_covered": 100.0, "percent_covered_display": "100", "missing_lines": 0, "excluded_lines": 0}, "missing_lines": [], "excluded_lines": []}, "test_seed_data_populates_expected_leaders": {"executed_lines": [28, 42, 45, 47, 48, 49, 50, 52, 53], "summary": {"covered_lines": 9, "num_statements": 9, "percent_covered": 100.0, "percent_covered_display": "100", "missing_lines": 0, "excluded_lines": 0}, "missing_lines": [], "excluded_lines": []}, "test_seed_data_populates_expected_leaders.no_articles": {"executed_lines": [43], "summary": {"covered_lines": 1, "num_statements": 1, "percent_covered": 100.0, "percent_covered_display": "100", "missing_lines": 0, "excluded_lines": 0}, "missing_lines": [], "excluded_lines": []}, "": {"executed_lines": [1, 2, 3, 4, 6, 8, 10, 11, 14, 15, 18, 19, 27], "summary": {"covered_lines": 13, "num_statements": 14, "percent_covered": 92.85714285714286, "percent_covered_display": "93", "missing_lines": 1, "excluded_lines": 0}, "missing_lines": [12], "excluded_lines": []}}, "classes": {"": {"executed_lines": [1, 2, 3, 4, 6, 8, 10, 11, 14, 15, 18, 19, 20, 21, 22, 23, 24, 27, 28, 42, 43, 45, 47, 48, 49, 50, 52, 53], "summary": {"covered_lines": 28, "num_statements": 29, "percent_covered": 96.55172413793103, "percent_covered_display": "97", "missing_lines": 1, "excluded_lines": 0}, "missing_lines": [12], "excluded_lines": []}}}, "tests/test_localization.py": {"executed_lines": [2, 5, 7, 12, 13, 16], "summary": {"covered_lines": 6, "num_statements": 6, "percent_covered": 100.0, "percent_covered_display": "100", "missing_lines": 0, "excluded_lines": 0}, "missing_lines": [], "excluded_lines": [], "functions": {"test_hindi_date_formatting_L10N_001": {"executed_lines": [12, 13, 16], "summary": {"covered_lines": 3, "num_statements": 3, "percent_covered": 100.0, "percent_covered_display": "100", "missing_lines": 0, "excluded_lines": 0}, "missing_lines": [], "excluded_lines": []}, "": {"executed_lines": [2, 5, 7], "summary": {"covered_lines": 3, "num_statements": 3, "percent_covered": 100.0, "percent_covered_display": "100", "missing_lines": 0, "excluded_lines": 0}, "missing_lines": [], "excluded_lines": []}}, "classes": {"": {"executed_lines": [2, 5, 7, 12, 13, 16], "summary": {"covered_lines": 6, "num_statements": 6, "percent_covered": 100.0, "percent_covered_display": "100", "missing_lines": 0, "excluded_lines": 0}, "missing_lines": [], "excluded_lines": []}}}, "tests/test_metrics_and_sentiment.py": {"executed_lines": [1, 2, 3, 4, 6, 7, 8, 11, 12, 15, 16, 17, 18, 19, 20, 21, 24, 25, 26, 27, 28, 29, 30, 31, 32, 34], "summary": {"covered_lines": 26, "num_statements": 27, "percent_covered": 96.29629629629629, "percent_covered_display": "96", "missing_lines": 1, "excluded_lines": 0}, "missing_lines": [9], "excluded_lines": [], "functions": {"test_metrics_endpoint": {"executed_lines": [16, 17, 18, 19, 20, 21], "summary": {"covered_lines": 6, "num_statements": 6, "percent_covered": 100.0, "percent_covered_display": "100", "missing_lines": 0, "excluded_lines": 0}, "missing_lines": [], "excluded_lines": []}, "test_sentiment_batch": {"executed_lines": [25, 26, 27, 28, 29, 30, 31, 32, 34], "summary": {"covered_lines": 9, "num_statements": 9, "percent_covered": 100.0, "percent_covered_display": "100", "missing_lines": 0, "excluded_lines": 0}, "missing_lines": [], "excluded_lines": []}, "": {"executed_lines": [1, 2, 3, 4, 6, 7, 8, 11, 12, 15, 24], "summary": {"covered_lines": 11, "num_statements": 12, "percent_covered": 91.66666666666667, "percent_covered_display": "92", "missing_lines": 1, "excluded_lines": 0}, "missing_lines": [9], "excluded_lines": []}}, "classes": {"": {"executed_lines": [1, 2, 3, 4, 6, 7, 8, 11, 12, 15, 16, 17, 18, 19, 20, 21, 24, 25, 26, 27, 28, 29, 30, 31, 32, 34], "summary": {"covered_lines": 26, "num_statements": 27, "percent_covered": 96.29629629629629, "percent_covered_display": "96", "missing_lines": 1, "excluded_lines": 0}, "missing_lines": [9], "excluded_lines": []}}}, "tests/test_observability_and_ingest.py": {"executed_lines": [1, 2, 3, 4, 5, 6, 7, 8, 9, 12, 13, 14, 17, 18, 19, 20, 23, 24, 25, 26, 28, 29, 40, 41, 42, 43, 44, 46, 47, 48, 49, 52, 53, 54, 55, 56, 57, 61, 62, 64, 65, 66, 67, 68, 70, 71, 72, 73, 75, 77, 78, 79, 82, 83, 84, 85, 90, 91, 93, 94, 95, 97, 98, 100, 101, 103, 104, 108, 109, 110, 115, 116, 117, 119, 120, 121, 125, 126, 127, 128, 130, 131, 132, 133, 134, 136, 137, 139, 140, 141, 144, 145, 147, 148, 150, 152, 153, 154, 155, 156, 157, 158, 160, 161, 162, 165, 166, 167, 168, 169, 170], "summary": {"covered_lines": 111, "num_statements": 120, "percent_covered": 92.5, "percent_covered_display": "92", "missing_lines": 9, "excluded_lines": 0}, "missing_lines": [15, 50, 51, 80, 81, 86, 163, 164, 172], "excluded_lines": [], "functions": {"_app_context": {"executed_lines": [25, 26], "summary": {"covered_lines": 2, "num_statements": 2, "percent_covered": 100.0, "percent_covered_display": "100", "missing_lines": 0, "excluded_lines": 0}, "missing_lines": [], "excluded_lines": []}, "_fake_article": {"executed_lines": [29], "summary": {"covered_lines": 1, "num_statements": 1, "percent_covered": 100.0, "percent_covered_display": "100", "missing_lines": 0, "excluded_lines": 0}, "missing_lines": [], "excluded_lines": []}, "test_request_logging_emits_json": {"executed_lines": [41, 42, 43, 44, 46, 47, 48, 49, 52, 53, 54, 55, 56, 57], "summary": {"covered_lines": 14, "num_statements": 16, "percent_covered": 87.5, "percent_covered_display": "88", "missing_lines": 2, "excluded_lines": 0}, "missing_lines": [50, 51], "excluded_lines": []}, "test_ingest_success_log_emitted": {"executed_lines": [62, 64, 65, 67, 68, 70, 71, 72, 73, 75, 77, 78, 79, 82, 83, 84, 85], "summary": {"covered_lines": 17, "num_statements": 20, "percent_covered": 85.0, "percent_covered_display": "85", "missing_lines": 3, "excluded_lines": 0}, "missing_lines": [80, 81, 86], "excluded_lines": []}, "test_ingest_success_log_emitted.fake_fetch_articles": {"executed_lines": [66], "summary": {"covered_lines": 1, "num_statements": 1, "percent_covered": 100.0, "percent_covered_display": "100", "missing_lines": 0, "excluded_lines": 0}, "missing_lines": [], "excluded_lines": []}, "test_sqlalchemy_lookup_via_endpoints": {"executed_lines": [91, 93, 94, 95, 97, 98, 100, 101, 103, 104], "summary": {"covered_lines": 10, "num_statements": 10, "percent_covered": 100.0, "percent_covered_display": "100", "missing_lines": 0, "excluded_lines": 0}, "missing_lines": [], "excluded_lines": []}, "test_batch_sentiment_score_ordering": {"executed_lines": [109, 110, 115, 116, 117, 119, 120, 121], "summary": {"covered_lines": 8, "num_statements": 8, "percent_covered": 100.0, "percent_covered_display": "100", "missing_lines": 0, "excluded_lines": 0}, "missing_lines": [], "excluded_lines": []}, "test_metrics_ingest_increment": {"executed_lines": [126, 127, 128, 130, 131, 133, 134, 136, 137, 139, 140, 141], "summary": {"covered_lines": 12, "num_statements": 12, "percent_covered": 100.0, "percent_covered_display": "100", "missing_lines": 0, "excluded_lines": 0}, "missing_lines": [], "excluded_lines": []}, "test_metrics_ingest_increment.fake_fetch_articles": {"executed_lines": [132], "summary": {"covered_lines": 1, "num_statements": 1, "percent_covered": 100.0, "percent_covered_display": "100", "missing_lines": 0, "excluded_lines": 0}, "missing_lines": [], "excluded_lines": []}, "test_error_log_shape_on_exception": {"executed_lines": [145, 147, 150, 152, 153, 154, 155, 156, 157, 158, 160, 161, 162, 165, 166, 167, 168, 169, 170], "summary": {"covered_lines": 19, "num_statements": 22, "percent_covered": 86.36363636363636, "percent_covered_display": "86", "missing_lines": 3, "excluded_lines": 0}, "missing_lines": [163, 164, 172], "excluded_lines": []}, "test_error_log_shape_on_exception.boom": {"executed_lines": [148], "summary": {"covered_lines": 1, "num_statements": 1, "percent_covered": 100.0, "percent_covered_display": "100", "missing_lines": 0, "excluded_lines": 0}, "missing_lines": [], "excluded_lines": []}, "": {"executed_lines": [1, 2, 3, 4, 5, 6, 7, 8, 9, 12, 13, 14, 17, 18, 19, 20, 23, 24, 28, 40, 61, 90, 108, 125, 144], "summary": {"covered_lines": 25, "num_statements": 26, "percent_covered": 96.15384615384616, "percent_covered_display": "96", "missing_lines": 1, "excluded_lines": 0}, "missing_lines": [15], "excluded_lines": []}}, "classes": {"": {"executed_lines": [1, 2, 3, 4, 5, 6, 7, 8, 9, 12, 13, 14, 17, 18, 19, 20, 23, 24, 25, 26, 28, 29, 40, 41, 42, 43, 44, 46, 47, 48, 49, 52, 53, 54, 55, 56, 57, 61, 62, 64, 65, 66, 67, 68, 70, 71, 72, 73, 75, 77, 78, 79, 82, 83, 84, 85, 90, 91, 93, 94, 95, 97, 98, 100, 101, 103, 104, 108, 109, 110, 115, 116, 117, 119, 120, 121, 125, 126, 127, 128, 130, 131, 132, 133, 134, 136, 137, 139, 140, 141, 144, 145, 147, 148, 150, 152, 153, 154, 155, 156, 157, 158, 160, 161, 162, 165, 166, 167, 168, 169, 170], "summary": {"covered_lines": 111, "num_statements": 120, "percent_covered": 92.5, "percent_covered_display": "92", "missing_lines": 9, "excluded_lines": 0}, "missing_lines": [15, 50, 51, 80, 81, 86, 163, 164, 172], "excluded_lines": []}}}, "tests/test_posts_pagination.py": {"executed_lines": [1, 2, 3, 4, 5, 6, 8, 10, 11, 14, 15, 16, 17, 18, 19, 21, 22, 23, 27, 29, 30, 31, 41, 42, 45, 46, 47, 48, 49, 50, 51, 52, 53, 54, 56, 57, 58], "summary": {"covered_lines": 37, "num_statements": 41, "percent_covered": 90.2439024390244, "percent_covered_display": "90", "missing_lines": 4, "excluded_lines": 0}, "missing_lines": [12, 24, 25, 26], "excluded_lines": [], "functions": {"_seed_posts": {"executed_lines": [22, 23, 27, 29, 30, 31, 41, 42], "summary": {"covered_lines": 8, "num_statements": 11, "percent_covered": 72.72727272727273, "percent_covered_display": "73", "missing_lines": 3, "excluded_lines": 0}, "missing_lines": [24, 25, 26], "excluded_lines": []}, "test_paginated_posts": {"executed_lines": [46, 47, 48, 49, 50, 51, 52, 53, 54, 56, 57, 58], "summary": {"covered_lines": 12, "num_statements": 12, "percent_covered": 100.0, "percent_covered_display": "100", "missing_lines": 0, "excluded_lines": 0}, "missing_lines": [], "excluded_lines": []}, "": {"executed_lines": [1, 2, 3, 4, 5, 6, 8, 10, 11, 14, 15, 16, 17, 18, 19, 21, 45], "summary": {"covered_lines": 17, "num_statements": 18, "percent_covered": 94.44444444444444, "percent_covered_display": "94", "missing_lines": 1, "excluded_lines": 0}, "missing_lines": [12], "excluded_lines": []}}, "classes": {"": {"executed_lines": [1, 2, 3, 4, 5, 6, 8, 10, 11, 14, 15, 16, 17, 18, 19, 21, 22, 23, 27, 29, 30, 31, 41, 42, 45, 46, 47, 48, 49, 50, 51, 52, 53, 54, 56, 57, 58], "summary": {"covered_lines": 37, "num_statements": 41, "percent_covered": 90.2439024390244, "percent_covered_display": "90", "missing_lines": 4, "excluded_lines": 0}, "missing_lines": [12, 24, 25, 26], "excluded_lines": []}}}, "tests/test_review_workflow.py": {"executed_lines": [1, 2, 3, 4, 6, 7, 8, 11, 12, 13, 14, 15, 16, 19, 20, 22, 23, 24, 25, 28, 35, 36, 37, 40, 41, 42, 43, 44, 47, 48, 51, 52, 53, 56, 57, 58], "summary": {"covered_lines": 36, "num_statements": 37, "percent_covered": 97.29729729729729, "percent_covered_display": "97", "missing_lines": 1, "excluded_lines": 0}, "missing_lines": [9], "excluded_lines": [], "functions": {"test_review_workflow": {"executed_lines": [20, 22, 23, 24, 25, 28, 35, 36, 37, 40, 41, 42, 43, 44, 47, 48, 51, 52, 53, 56, 57, 58], "summary": {"covered_lines": 22, "num_statements": 22, "percent_covered": 100.0, "percent_covered_display": "100", "missing_lines": 0, "excluded_lines": 0}, "missing_lines": [], "excluded_lines": []}, "": {"executed_lines": [1, 2, 3, 4, 6, 7, 8, 11, 12, 13, 14, 15, 16, 19], "summary": {"covered_lines": 14, "num_statements": 15, "percent_covered": 93.33333333333333, "percent_covered_display": "93", "missing_lines": 1, "excluded_lines": 0}, "missing_lines": [9], "excluded_lines": []}}, "classes": {"": {"executed_lines": [1, 2, 3, 4, 6, 7, 8, 11, 12, 13, 14, 15, 16, 19, 20, 22, 23, 24, 25, 28, 35, 36, 37, 40, 41, 42, 43, 44, 47, 48, 51, 52, 53, 56, 57, 58], "summary": {"covered_lines": 36, "num_statements": 37, "percent_covered": 97.29729729729729, "percent_covered_display": "97", "missing_lines": 1, "excluded_lines": 0}, "missing_lines": [9], "excluded_lines": []}}}, "tests/test_role_based_access.py": {"executed_lines": [1, 5, 6, 7, 8, 9, 11, 14, 15, 18, 19, 20, 21, 22, 25, 26, 27, 28, 29, 30, 31, 34, 38, 39, 42, 45, 46, 48, 54, 55, 57, 58, 61, 65, 66, 69, 73, 74, 77, 80, 81, 83, 89, 90, 92, 93, 96, 101, 102, 105, 109, 110, 113, 116, 117, 119, 125, 126, 128, 129, 132, 136, 137, 140, 145, 146, 148, 154, 155, 157, 158, 161, 162, 165, 170, 171, 173, 179, 180, 182, 183, 186, 187, 190, 195, 196, 198, 204, 205, 207, 208, 211, 215], "summary": {"covered_lines": 92, "num_statements": 93, "percent_covered": 98.9247311827957, "percent_covered_display": "99", "missing_lines": 1, "excluded_lines": 0}, "missing_lines": [16], "excluded_lines": [], "functions": {"client": {"executed_lines": [27, 28, 29, 30, 31], "summary": {"covered_lines": 5, "num_statements": 5, "percent_covered": 100.0, "percent_covered_display": "100", "missing_lines": 0, "excluded_lines": 0}, "missing_lines": [], "excluded_lines": []}, "test_reviewer_can_approve_review": {"executed_lines": [38, 39, 42, 45, 46, 48, 54, 55, 57, 58, 61, 65, 66], "summary": {"covered_lines": 13, "num_statements": 13, "percent_covered": 100.0, "percent_covered_display": "100", "missing_lines": 0, "excluded_lines": 0}, "missing_lines": [], "excluded_lines": []}, "test_reviewer_can_reject_review": {"executed_lines": [73, 74, 77, 80, 81, 83, 89, 90, 92, 93, 96, 101, 102], "summary": {"covered_lines": 13, "num_statements": 13, "percent_covered": 100.0, "percent_covered_display": "100", "missing_lines": 0, "excluded_lines": 0}, "missing_lines": [], "excluded_lines": []}, "test_admin_can_approve_review": {"executed_lines": [109, 110, 113, 116, 117, 119, 125, 126, 128, 129, 132, 136, 137], "summary": {"covered_lines": 13, "num_statements": 13, "percent_covered": 100.0, "percent_covered_display": "100", "missing_lines": 0, "excluded_lines": 0}, "missing_lines": [], "excluded_lines": []}, "test_unauthorized_cannot_approve_review": {"executed_lines": [145, 146, 148, 154, 155, 157, 158, 161, 162], "summary": {"covered_lines": 9, "num_statements": 9, "percent_covered": 100.0, "percent_covered_display": "100", "missing_lines": 0, "excluded_lines": 0}, "missing_lines": [], "excluded_lines": []}, "test_unauthorized_cannot_reject_review": {"executed_lines": [170, 171, 173, 179, 180, 182, 183, 186, 187], "summary": {"covered_lines": 9, "num_statements": 9, "percent_covered": 100.0, "percent_covered_display": "100", "missing_lines": 0, "excluded_lines": 0}, "missing_lines": [], "excluded_lines": []}, "test_invalid_token_cannot_approve_review": {"executed_lines": [195, 196, 198, 204, 205, 207, 208, 211, 215], "summary": {"covered_lines": 9, "num_statements": 9, "percent_covered": 100.0, "percent_covered_display": "100", "missing_lines": 0, "excluded_lines": 0}, "missing_lines": [], "excluded_lines": []}, "": {"executed_lines": [1, 5, 6, 7, 8, 9, 11, 14, 15, 18, 19, 20, 21, 22, 25, 26, 34, 69, 105, 140, 165, 190], "summary": {"covered_lines": 21, "num_statements": 22, "percent_covered": 95.45454545454545, "percent_covered_display": "95", "missing_lines": 1, "excluded_lines": 0}, "missing_lines": [16], "excluded_lines": []}}, "classes": {"": {"executed_lines": [1, 5, 6, 7, 8, 9, 11, 14, 15, 18, 19, 20, 21, 22, 25, 26, 27, 28, 29, 30, 31, 34, 38, 39, 42, 45, 46, 48, 54, 55, 57, 58, 61, 65, 66, 69, 73, 74, 77, 80, 81, 83, 89, 90, 92, 93, 96, 101, 102, 105, 109, 110, 113, 116, 117, 119, 125, 126, 128, 129, 132, 136, 137, 140, 145, 146, 148, 154, 155, 157, 158, 161, 162, 165, 170, 171, 173, 179, 180, 182, 183, 186, 187, 190, 195, 196, 198, 204, 205, 207, 208, 211, 215], "summary": {"covered_lines": 92, "num_statements": 93, "percent_covered": 98.9247311827957, "percent_covered_display": "99", "missing_lines": 1, "excluded_lines": 0}, "missing_lines": [16], "excluded_lines": []}}}, "utils.py": {"executed_lines": [2, 3, 5, 11, 14, 15, 16, 18], "summary": {"covered_lines": 8, "num_statements": 8, "percent_covered": 100.0, "percent_covered_display": "100", "missing_lines": 0, "excluded_lines": 0}, "missing_lines": [], "excluded_lines": [], "functions": {"format_date_in_hindi": {"executed_lines": [11, 14, 15, 16, 18], "summary": {"covered_lines": 5, "num_statements": 5, "percent_covered": 100.0, "percent_covered_display": "100", "missing_lines": 0, "excluded_lines": 0}, "missing_lines": [], "excluded_lines": []}, "": {"executed_lines": [2, 3, 5], "summary": {"covered_lines": 3, "num_statements": 3, "percent_covered": 100.0, "percent_covered_display": "100", "missing_lines": 0, "excluded_lines": 0}, "missing_lines": [], "excluded_lines": []}}, "classes": {"": {"executed_lines": [2, 3, 5, 11, 14, 15, 16, 18], "summary": {"covered_lines": 8, "num_statements": 8, "percent_covered": 100.0, "percent_covered_display": "100", "missing_lines": 0, "excluded_lines": 0}, "missing_lines": [], "excluded_lines": []}}}}, "totals": {"covered_lines": 1019, "num_statements": 1224, "percent_covered": 83.2516339869281, "percent_covered_display": "83", "missing_lines": 205, "excluded_lines": 0}}